<?xml version="1.0" encoding="UTF-8"?>
<!-- Generated by org.testng.reporters.JUnitXMLReporter -->
<testsuite hostname="DESKTOP-MMNFNKN" ignored="0" name="Test" tests="4" failures="0" timestamp="05 Oct 2020 12:09:39 GMT" time="0.136" errors="0">
  <testcase name="validateLoginforBusiness" time="0.014" classname="TestNG.Selenium.MyFirstTest"/>
  <testcase name="validateLoginforRetail" time="0.002" classname="TestNG.Selenium.MyFirstTest"/>
  <testcase name="validateLogOutinforRetail" time="0.001" classname="TestNG.Selenium.MySecondTest"/>
  <testcase name="validateLogoutforBusiness" time="0.001" classname="TestNG.Selenium.MySecondTest"/>
</testsuite> <!-- Test -->
